Performing C SOURCE FILE Test CMAKE_HAVE_LIBC_PTHREAD failed with the following output:
Change Dir: /home/strinkin/tensorrt/TensorRT-Learn/mnist/build/CMakeFiles/CMakeTmp

Run Build Command(s):/usr/bin/make -f Makefile cmTC_eb493/fast && /usr/bin/make  -f CMakeFiles/cmTC_eb493.dir/build.make CMakeFiles/cmTC_eb493.dir/build
make[1]: 进入目录“/home/strinkin/tensorrt/TensorRT-Learn/mnist/build/CMakeFiles/CMakeTmp”
Building C object CMakeFiles/cmTC_eb493.dir/src.c.o
/usr/bin/cc -DCMAKE_HAVE_LIBC_PTHREAD  -fPIC  -o CMakeFiles/cmTC_eb493.dir/src.c.o -c /home/strinkin/tensorrt/TensorRT-Learn/mnist/build/CMakeFiles/CMakeTmp/src.c
Linking C executable cmTC_eb493
/usr/local/bin/cmake -E cmake_link_script CMakeFiles/cmTC_eb493.dir/link.txt --verbose=1
/usr/bin/cc -fPIC  CMakeFiles/cmTC_eb493.dir/src.c.o -o cmTC_eb493 
/usr/bin/ld: CMakeFiles/cmTC_eb493.dir/src.c.o: in function `main':
src.c:(.text+0x46): undefined reference to `pthread_create'
/usr/bin/ld: src.c:(.text+0x52): undefined reference to `pthread_detach'
/usr/bin/ld: src.c:(.text+0x5e): undefined reference to `pthread_cancel'
/usr/bin/ld: src.c:(.text+0x6f): undefined reference to `pthread_join'
collect2: error: ld returned 1 exit status
make[1]: *** [CMakeFiles/cmTC_eb493.dir/build.make:99：cmTC_eb493] 错误 1
make[1]: 离开目录“/home/strinkin/tensorrt/TensorRT-Learn/mnist/build/CMakeFiles/CMakeTmp”
make: *** [Makefile:127：cmTC_eb493/fast] 错误 2


Source file was:
#include <pthread.h>

static void* test_func(void* data)
{
  return data;
}

int main(void)
{
  pthread_t thread;
  pthread_create(&thread, NULL, test_func, NULL);
  pthread_detach(thread);
  pthread_cancel(thread);
  pthread_join(thread, NULL);
  pthread_atfork(NULL, NULL, NULL);
  pthread_exit(NULL);

  return 0;
}

Determining if the function pthread_create exists in the pthreads failed with the following output:
Change Dir: /home/strinkin/tensorrt/TensorRT-Learn/mnist/build/CMakeFiles/CMakeTmp

Run Build Command(s):/usr/bin/make -f Makefile cmTC_4d07b/fast && /usr/bin/make  -f CMakeFiles/cmTC_4d07b.dir/build.make CMakeFiles/cmTC_4d07b.dir/build
make[1]: 进入目录“/home/strinkin/tensorrt/TensorRT-Learn/mnist/build/CMakeFiles/CMakeTmp”
Building C object CMakeFiles/cmTC_4d07b.dir/CheckFunctionExists.c.o
/usr/bin/cc   -fPIC -DCHECK_FUNCTION_EXISTS=pthread_create -o CMakeFiles/cmTC_4d07b.dir/CheckFunctionExists.c.o -c /usr/local/share/cmake-3.23/Modules/CheckFunctionExists.c
Linking C executable cmTC_4d07b
/usr/local/bin/cmake -E cmake_link_script CMakeFiles/cmTC_4d07b.dir/link.txt --verbose=1
/usr/bin/cc -fPIC -DCHECK_FUNCTION_EXISTS=pthread_create CMakeFiles/cmTC_4d07b.dir/CheckFunctionExists.c.o -o cmTC_4d07b  -lpthreads 
/usr/bin/ld: 找不到 -lpthreads
collect2: error: ld returned 1 exit status
make[1]: *** [CMakeFiles/cmTC_4d07b.dir/build.make:99：cmTC_4d07b] 错误 1
make[1]: 离开目录“/home/strinkin/tensorrt/TensorRT-Learn/mnist/build/CMakeFiles/CMakeTmp”
make: *** [Makefile:127：cmTC_4d07b/fast] 错误 2



Performing C SOURCE FILE Test CMAKE_HAVE_LIBC_PTHREAD failed with the following output:
Change Dir: /home/strinkin/tensorrt/TensorRT-Learn/mnist/build/CMakeFiles/CMakeTmp

Run Build Command(s):/usr/bin/make -f Makefile cmTC_6dcb0/fast && /usr/bin/make  -f CMakeFiles/cmTC_6dcb0.dir/build.make CMakeFiles/cmTC_6dcb0.dir/build
make[1]: 进入目录“/home/strinkin/tensorrt/TensorRT-Learn/mnist/build/CMakeFiles/CMakeTmp”
Building C object CMakeFiles/cmTC_6dcb0.dir/src.c.o
/usr/bin/cc -DCMAKE_HAVE_LIBC_PTHREAD  -fPIC  -o CMakeFiles/cmTC_6dcb0.dir/src.c.o -c /home/strinkin/tensorrt/TensorRT-Learn/mnist/build/CMakeFiles/CMakeTmp/src.c
Linking C executable cmTC_6dcb0
/usr/local/bin/cmake -E cmake_link_script CMakeFiles/cmTC_6dcb0.dir/link.txt --verbose=1
/usr/bin/cc -fPIC  CMakeFiles/cmTC_6dcb0.dir/src.c.o -o cmTC_6dcb0 
/usr/bin/ld: CMakeFiles/cmTC_6dcb0.dir/src.c.o: in function `main':
src.c:(.text+0x46): undefined reference to `pthread_create'
/usr/bin/ld: src.c:(.text+0x52): undefined reference to `pthread_detach'
/usr/bin/ld: src.c:(.text+0x5e): undefined reference to `pthread_cancel'
/usr/bin/ld: src.c:(.text+0x6f): undefined reference to `pthread_join'
collect2: error: ld returned 1 exit status
make[1]: *** [CMakeFiles/cmTC_6dcb0.dir/build.make:99：cmTC_6dcb0] 错误 1
make[1]: 离开目录“/home/strinkin/tensorrt/TensorRT-Learn/mnist/build/CMakeFiles/CMakeTmp”
make: *** [Makefile:127：cmTC_6dcb0/fast] 错误 2


Source file was:
#include <pthread.h>

static void* test_func(void* data)
{
  return data;
}

int main(void)
{
  pthread_t thread;
  pthread_create(&thread, NULL, test_func, NULL);
  pthread_detach(thread);
  pthread_cancel(thread);
  pthread_join(thread, NULL);
  pthread_atfork(NULL, NULL, NULL);
  pthread_exit(NULL);

  return 0;
}

Determining if the function pthread_create exists in the pthreads failed with the following output:
Change Dir: /home/strinkin/tensorrt/TensorRT-Learn/mnist/build/CMakeFiles/CMakeTmp

Run Build Command(s):/usr/bin/make -f Makefile cmTC_936a4/fast && /usr/bin/make  -f CMakeFiles/cmTC_936a4.dir/build.make CMakeFiles/cmTC_936a4.dir/build
make[1]: 进入目录“/home/strinkin/tensorrt/TensorRT-Learn/mnist/build/CMakeFiles/CMakeTmp”
Building C object CMakeFiles/cmTC_936a4.dir/CheckFunctionExists.c.o
/usr/bin/cc   -fPIC -DCHECK_FUNCTION_EXISTS=pthread_create -o CMakeFiles/cmTC_936a4.dir/CheckFunctionExists.c.o -c /usr/local/share/cmake-3.23/Modules/CheckFunctionExists.c
Linking C executable cmTC_936a4
/usr/local/bin/cmake -E cmake_link_script CMakeFiles/cmTC_936a4.dir/link.txt --verbose=1
/usr/bin/cc -fPIC -DCHECK_FUNCTION_EXISTS=pthread_create CMakeFiles/cmTC_936a4.dir/CheckFunctionExists.c.o -o cmTC_936a4  -lpthreads 
/usr/bin/ld: 找不到 -lpthreads
collect2: error: ld returned 1 exit status
make[1]: *** [CMakeFiles/cmTC_936a4.dir/build.make:99：cmTC_936a4] 错误 1
make[1]: 离开目录“/home/strinkin/tensorrt/TensorRT-Learn/mnist/build/CMakeFiles/CMakeTmp”
make: *** [Makefile:127：cmTC_936a4/fast] 错误 2



